=== Optimizer State Analysis ===
Timestamp: Mon Feb  2 00:11:50 2026
SAMPLE   1 (frame   30): emuPC=$05D9 cacheIdx=$00 codeIdx=$0000 blockCnt=  5 dispCnt=  0 trigger=$00
SAMPLE   2 (frame   60): emuPC=$052F cacheIdx=$00 codeIdx=$2A06 blockCnt=  5 dispCnt=  0 trigger=$00
SAMPLE   3 (frame   90): emuPC=$0485 cacheIdx=$00 codeIdx=$0000 blockCnt=  5 dispCnt=  0 trigger=$00
SAMPLE   4 (frame  120): emuPC=$8203 cacheIdx=$00 codeIdx=$2A03 blockCnt=  5 dispCnt=  0 trigger=$00
SAMPLE   5 (frame  150): emuPC=$8202 cacheIdx=$00 codeIdx=$2A02 blockCnt=  5 dispCnt=  0 trigger=$00
SAMPLE   6 (frame  180): emuPC=$801A cacheIdx=$03 codeIdx=$0119 blockCnt=  0 dispCnt=  0 trigger=$00
SAMPLE   7 (frame  210): emuPC=$0663 cacheIdx=$00 codeIdx=$0000 blockCnt=  4 dispCnt=  0 trigger=$00
SAMPLE   8 (frame  240): emuPC=$8207 cacheIdx=$00 codeIdx=$0000 blockCnt=  5 dispCnt=  0 trigger=$00
SAMPLE   9 (frame  270): emuPC=$8207 cacheIdx=$00 codeIdx=$0000 blockCnt=  5 dispCnt=  0 trigger=$00
SAMPLE  10 (frame  300): emuPC=$8206 cacheIdx=$00 codeIdx=$0000 blockCnt=  5 dispCnt=  0 trigger=$00
SAMPLE  11 (frame  330): emuPC=$03CA cacheIdx=$00 codeIdx=$0000 blockCnt=  5 dispCnt=  0 trigger=$00
SAMPLE  12 (frame  360): emuPC=$0320 cacheIdx=$00 codeIdx=$0000 blockCnt=  5 dispCnt=  0 trigger=$00
SAMPLE  13 (frame  390): emuPC=$8207 cacheIdx=$00 codeIdx=$0000 blockCnt=  4 dispCnt=  0 trigger=$00
SAMPLE  14 (frame  420): emuPC=$8207 cacheIdx=$00 codeIdx=$0000 blockCnt=  4 dispCnt=  0 trigger=$00
SAMPLE  15 (frame  450): emuPC=$05A6 cacheIdx=$00 codeIdx=$0000 blockCnt=  5 dispCnt=  0 trigger=$00
SAMPLE  16 (frame  480): emuPC=$6D01 cacheIdx=$00 codeIdx=$0000 blockCnt=  5 dispCnt=  0 trigger=$00
SAMPLE  17 (frame  510): emuPC=$0452 cacheIdx=$00 codeIdx=$0000 blockCnt=  5 dispCnt=  0 trigger=$00
SAMPLE  18 (frame  540): emuPC=$8202 cacheIdx=$00 codeIdx=$2A03 blockCnt=  5 dispCnt=  0 trigger=$00
SAMPLE  19 (frame  570): emuPC=$8207 cacheIdx=$00 codeIdx=$2A02 blockCnt=  5 dispCnt=  0 trigger=$00
SAMPLE  20 (frame  600): emuPC=$6D01 cacheIdx=$00 codeIdx=$0000 blockCnt=  4 dispCnt=  0 trigger=$00
SAMPLE  21 (frame  630): emuPC=$0630 cacheIdx=$00 codeIdx=$0000 blockCnt=  4 dispCnt=  0 trigger=$00
SAMPLE  22 (frame  660): emuPC=$8207 cacheIdx=$00 codeIdx=$0000 blockCnt=  5 dispCnt=  0 trigger=$00
SAMPLE  23 (frame  690): emuPC=$04E0 cacheIdx=$00 codeIdx=$0000 blockCnt=  5 dispCnt=  0 trigger=$00
SAMPLE  24 (frame  720): emuPC=$0436 cacheIdx=$00 codeIdx=$2A00 blockCnt=  5 dispCnt=  0 trigger=$00
SAMPLE  25 (frame  750): emuPC=$0397 cacheIdx=$00 codeIdx=$0000 blockCnt=  5 dispCnt=  0 trigger=$00
SAMPLE  26 (frame  780): emuPC=$6D26 cacheIdx=$00 codeIdx=$0026 blockCnt= 10 dispCnt=  1 trigger=$00
SAMPLE  27 (frame  810): emuPC=$06BE cacheIdx=$00 codeIdx=$0000 blockCnt=  4 dispCnt=  0 trigger=$00
SAMPLE  28 (frame  840): emuPC=$8207 cacheIdx=$00 codeIdx=$0007 blockCnt=  4 dispCnt=  0 trigger=$00
SAMPLE  29 (frame  870): emuPC=$6D01 cacheIdx=$00 codeIdx=$0000 blockCnt=  5 dispCnt=  0 trigger=$00
SAMPLE  30 (frame  900): emuPC=$8207 cacheIdx=$00 codeIdx=$0000 blockCnt=  5 dispCnt=  0 trigger=$00
SAMPLE  31 (frame  930): emuPC=$0078 cacheIdx=$00 codeIdx=$0080 blockCnt=  5 dispCnt=  0 trigger=$00
SAMPLE  32 (frame  960): emuPC=$8207 cacheIdx=$00 codeIdx=$0000 blockCnt=  5 dispCnt=  0 trigger=$00
SAMPLE  33 (frame  990): emuPC=$0002 cacheIdx=$2A codeIdx=$0009 blockCnt= 11 dispCnt=  5 trigger=$55
SAMPLE  34 (frame 1020): emuPC=$8207 cacheIdx=$00 codeIdx=$0000 blockCnt=  4 dispCnt=  0 trigger=$00
SAMPLE  35 (frame 1050): emuPC=$05FB cacheIdx=$00 codeIdx=$0000 blockCnt=  5 dispCnt=  0 trigger=$00
SAMPLE  36 (frame 1080): emuPC=$0551 cacheIdx=$00 codeIdx=$0000 blockCnt=  5 dispCnt=  0 trigger=$00
SAMPLE  37 (frame 1110): emuPC=$04A7 cacheIdx=$00 codeIdx=$0000 blockCnt=  5 dispCnt=  0 trigger=$00
SAMPLE  38 (frame 1140): emuPC=$0408 cacheIdx=$00 codeIdx=$0000 blockCnt=  5 dispCnt=  0 trigger=$00
SAMPLE  39 (frame 1170): emuPC=$8202 cacheIdx=$00 codeIdx=$0000 blockCnt=  5 dispCnt=  0 trigger=$00
SAMPLE  40 (frame 1200): emuPC=$0558 cacheIdx=$00 codeIdx=$0000 blockCnt=  0 dispCnt=  0 trigger=$00
SAMPLE  41 (frame 1230): emuPC=$0685 cacheIdx=$00 codeIdx=$0000 blockCnt=  4 dispCnt=  0 trigger=$00
SAMPLE  42 (frame 1260): emuPC=$8207 cacheIdx=$00 codeIdx=$0000 blockCnt=  5 dispCnt=  0 trigger=$00
SAMPLE  43 (frame 1290): emuPC=$8207 cacheIdx=$00 codeIdx=$0000 blockCnt=  5 dispCnt=  0 trigger=$00
SAMPLE  44 (frame 1320): emuPC=$8206 cacheIdx=$00 codeIdx=$0000 blockCnt=  5 dispCnt=  0 trigger=$00
SAMPLE  45 (frame 1350): emuPC=$03EC cacheIdx=$00 codeIdx=$0000 blockCnt=  5 dispCnt=  0 trigger=$00
SAMPLE  46 (frame 1380): emuPC=$0342 cacheIdx=$00 codeIdx=$0000 blockCnt=  5 dispCnt=  0 trigger=$00
SAMPLE  47 (frame 1410): emuPC=$0000 cacheIdx=$02 codeIdx=$0202 blockCnt=  0 dispCnt=  0 trigger=$00
SAMPLE  48 (frame 1440): emuPC=$8206 cacheIdx=$00 codeIdx=$2A06 blockCnt=  4 dispCnt=  0 trigger=$00
SAMPLE  49 (frame 1470): emuPC=$6D00 cacheIdx=$00 codeIdx=$0000 blockCnt=  5 dispCnt=  0 trigger=$00
SAMPLE  50 (frame 1500): emuPC=$0518 cacheIdx=$00 codeIdx=$0000 blockCnt=  5 dispCnt=  0 trigger=$00
SAMPLE  51 (frame 1530): emuPC=$8207 cacheIdx=$00 codeIdx=$0000 blockCnt=  5 dispCnt=  0 trigger=$00
SAMPLE  52 (frame 1560): emuPC=$8207 cacheIdx=$00 codeIdx=$0000 blockCnt=  5 dispCnt=  0 trigger=$00
SAMPLE  53 (frame 1590): emuPC=$8207 cacheIdx=$00 codeIdx=$0000 blockCnt=  5 dispCnt=  0 trigger=$00
SAMPLE  54 (frame 1620): emuPC=$8207 cacheIdx=$00 codeIdx=$0000 blockCnt=  4 dispCnt=  0 trigger=$00
SAMPLE  55 (frame 1650): emuPC=$8207 cacheIdx=$00 codeIdx=$0000 blockCnt=  4 dispCnt=  0 trigger=$00
SAMPLE  56 (frame 1680): emuPC=$05A6 cacheIdx=$00 codeIdx=$0000 blockCnt=  5 dispCnt=  0 trigger=$00
SAMPLE  57 (frame 1710): emuPC=$6D01 cacheIdx=$00 codeIdx=$0000 blockCnt=  5 dispCnt=  0 trigger=$00
SAMPLE  58 (frame 1740): emuPC=$0452 cacheIdx=$00 codeIdx=$0000 blockCnt=  5 dispCnt=  0 trigger=$00
SAMPLE  59 (frame 1770): emuPC=$8202 cacheIdx=$00 codeIdx=$2A03 blockCnt=  5 dispCnt=  0 trigger=$00
SAMPLE  60 (frame 1800): emuPC=$8207 cacheIdx=$00 codeIdx=$2A02 blockCnt=  5 dispCnt=  0 trigger=$00
SAMPLE  61 (frame 1830): emuPC=$6D01 cacheIdx=$00 codeIdx=$0000 blockCnt=  4 dispCnt=  0 trigger=$00
SAMPLE  62 (frame 1860): emuPC=$0630 cacheIdx=$00 codeIdx=$0000 blockCnt=  4 dispCnt=  0 trigger=$00
SAMPLE  63 (frame 1890): emuPC=$8207 cacheIdx=$00 codeIdx=$0000 blockCnt=  5 dispCnt=  0 trigger=$00
SAMPLE  64 (frame 1920): emuPC=$04E0 cacheIdx=$00 codeIdx=$0000 blockCnt=  5 dispCnt=  0 trigger=$00
SAMPLE  65 (frame 1950): emuPC=$0436 cacheIdx=$00 codeIdx=$2A06 blockCnt=  5 dispCnt=  0 trigger=$00
SAMPLE  66 (frame 1980): emuPC=$0397 cacheIdx=$00 codeIdx=$0000 blockCnt=  5 dispCnt=  0 trigger=$00
SAMPLE  67 (frame 2010): emuPC=$6D26 cacheIdx=$00 codeIdx=$0026 blockCnt= 10 dispCnt=  1 trigger=$00
SAMPLE  68 (frame 2040): emuPC=$06BE cacheIdx=$00 codeIdx=$0000 blockCnt=  4 dispCnt=  0 trigger=$00
SAMPLE  69 (frame 2070): emuPC=$8207 cacheIdx=$00 codeIdx=$2A07 blockCnt=  4 dispCnt=  0 trigger=$00
SAMPLE  70 (frame 2100): emuPC=$6D01 cacheIdx=$00 codeIdx=$0000 blockCnt=  5 dispCnt=  0 trigger=$00
SAMPLE  71 (frame 2130): emuPC=$8207 cacheIdx=$00 codeIdx=$0000 blockCnt=  5 dispCnt=  0 trigger=$00
SAMPLE  72 (frame 2160): emuPC=$0078 cacheIdx=$00 codeIdx=$0080 blockCnt=  5 dispCnt=  0 trigger=$00
SAMPLE  73 (frame 2190): emuPC=$8207 cacheIdx=$00 codeIdx=$0000 blockCnt=  5 dispCnt=  0 trigger=$00
SAMPLE  74 (frame 2220): emuPC=$0002 cacheIdx=$2A codeIdx=$0009 blockCnt= 11 dispCnt=  5 trigger=$55
SAMPLE  75 (frame 2250): emuPC=$8207 cacheIdx=$00 codeIdx=$0000 blockCnt=  4 dispCnt=  0 trigger=$00
SAMPLE  76 (frame 2280): emuPC=$05FB cacheIdx=$00 codeIdx=$0000 blockCnt=  5 dispCnt=  0 trigger=$00
SAMPLE  77 (frame 2310): emuPC=$0551 cacheIdx=$00 codeIdx=$0000 blockCnt=  5 dispCnt=  0 trigger=$00
SAMPLE  78 (frame 2340): emuPC=$04A7 cacheIdx=$00 codeIdx=$0000 blockCnt=  5 dispCnt=  0 trigger=$00
SAMPLE  79 (frame 2370): emuPC=$0408 cacheIdx=$00 codeIdx=$0000 blockCnt=  5 dispCnt=  0 trigger=$00
SAMPLE  80 (frame 2400): emuPC=$8202 cacheIdx=$00 codeIdx=$0000 blockCnt=  5 dispCnt=  0 trigger=$00
SAMPLE  81 (frame 2430): emuPC=$FC08 cacheIdx=$00 codeIdx=$0000 blockCnt=  0 dispCnt=  0 trigger=$00
SAMPLE  82 (frame 2460): emuPC=$068B cacheIdx=$00 codeIdx=$2A06 blockCnt=  4 dispCnt=  0 trigger=$00
SAMPLE  83 (frame 2490): emuPC=$8203 cacheIdx=$00 codeIdx=$0000 blockCnt=  5 dispCnt=  0 trigger=$00
SAMPLE  84 (frame 2520): emuPC=$4200 cacheIdx=$00 codeIdx=$0000 blockCnt=  5 dispCnt=  0 trigger=$00
SAMPLE  85 (frame 2550): emuPC=$8207 cacheIdx=$00 codeIdx=$0000 blockCnt=  5 dispCnt=  0 trigger=$00
SAMPLE  86 (frame 2580): emuPC=$8207 cacheIdx=$00 codeIdx=$0000 blockCnt=  5 dispCnt=  0 trigger=$00
SAMPLE  87 (frame 2610): emuPC=$8207 cacheIdx=$00 codeIdx=$0000 blockCnt=  5 dispCnt=  0 trigger=$00
