Reboot detection script loaded. REVISION 11 - detect jump INTO reset area $2800-$2820 from outside
Watching for PC transitions into reset area after startup.

=== STACK DUMP AT FRAME 15 ===
Stack area $6DFC-$6DFF:
  $6DFC: $FE
  $6DFD: $29
  $6DFE: $1A
  $6DFF: $28

Frame 200: PC=$332A SP=$FB
Frame 400: PC=$3290 SP=$FD
Frame 600: PC=$32B0 SP=$FD
Frame 800: PC=$32E1 SP=$FD
Frame 1000: PC=$2A04 SP=$FD
Frame 1200: PC=$328A SP=$FD
Frame 1400: PC=$3323 SP=$FB
Frame 1600: PC=$3323 SP=$FB
Frame 1800: PC=$2A08 SP=$FD
Frame 2000: PC=$332C SP=$FB
Frame 2200: PC=$3346 SP=$FB
Frame 2400: PC=$3339 SP=$FB
Frame 2600: PC=$2A04 SP=$FD
Frame 2800: PC=$325C SP=$FD
Frame 3000: PC=$3330 SP=$FB
Frame 3200: PC=$32EF SP=$FD
Frame 3400: PC=$2A00 SP=$FD
Frame 3600: PC=$331F SP=$FB
