Bytes at push16 ($8000) - looking for writes to $5A:
  $8000: $A5
  $8001: $10
  $8002: $48
  $8003: $A5
  $8004: $11
  $8005: $48
  $8006: $A5
  $8007: $01
  $8008: $85
  $8009: $11
  $800A: $A5
  $800B: $00
  $800C: $85
  $800D: $10
  $800E: $A5
  $800F: $11
  $8010: $A2
  $8011: $00
  $8012: $85
  $8013: $00
  $8014: $86
  $8015: $01
  $8016: $A5
  $8017: $00
  $8018: $29
  $8019: $FF
  $801A: $85
  $801B: $1F
  $801C: $A5
  $801D: $5A
  $801E: $85
  $801F: $02
  $8020: $8A
  $8021: $85
  $8022: $03
  $8023: $A5
  $8024: $02
  $8025: $18
  $8026: $69
  $8027: $00
  $8028: $85
  $8029: $00
  $802A: $A5
  $802B: $03
  $802C: $69
  $802D: $01
  $802E: $85
  $802F: $01
  $8030: $A5
  $8031: $1F
  $8032: $85
  $8033: $02
  $8034: $20
  $8035: $DF
  $8036: $C5
  $8037: $A5
  $8038: $10
  $8039: $29
  $803A: $FF
  $803B: $85
  $803C: $1F
  $803D: $A5
  $803E: $5A
  $803F: $85
  $8040: $02
  $8041: $A9
  $8042: $00
  $8043: $85
  $8044: $03
  $8045: $A5
  $8046: $02
  $8047: $D0
  $8048: $02
  $8049: $C6
  $804A: $03
  $804B: $C6
  $804C: $02
  $804D: $A9
  $804E: $00
  $804F: $85
  $8050: $03
  $8051: $A5
  $8052: $02
  $8053: $18
  $8054: $69
  $8055: $00
  $8056: $85
  $8057: $00
  $8058: $A5
  $8059: $03
  $805A: $69
  $805B: $01
  $805C: $85
  $805D: $01
  $805E: $A5
  $805F: $1F
  $8060: $85
  $8061: $02
  $8062: $20
  $8063: $DF
  $8064: $C5
  $8065: $C6
  $8066: $5A <-- WRITE TO $5A
  $8067: $C6
  $8068: $5A <-- WRITE TO $5A
  $8069: $68
  $806A: $85
  $806B: $11
  $806C: $68
  $806D: $85
  $806E: $10
  $806F: $60
  $8070: $A5
  $8071: $00
  $8072: $85
  $8073: $03
  $8074: $A5
  $8075: $5A
  $8076: $A2
  $8077: $00
  $8078: $85
  $8079: $1F
  $807A: $C6
  $807B: $5A <-- WRITE TO $5A
  $807C: $A5
  $807D: $1F
  $807E: $18
  $807F: $69
  $8080: $00
  $8081: $85
  $8082: $00
  $8083: $8A
  $8084: $69
  $8085: $01
  $8086: $85
  $8087: $01
  $8088: $A5
  $8089: $03
  $808A: $85
  $808B: $02
  $808C: $4C
  $808D: $DF
  $808E: $C5
  $808F: $A5
  $8090: $10
  $8091: $48
  $8092: $A5
  $8093: $5A
  $8094: $A2
  $8095: $00
  $8096: $18
  $8097: $69
  $8098: $01
  $8099: $90
  $809A: $01
  $809B: $E8
  $809C: $A2
  $809D: $00
  $809E: $18
  $809F: $69
  $80A0: $00
Done
